<?xml version="1.0" encoding="UTF-8"?>
<testng-results ignored="0" total="1" passed="1" failed="0" skipped="0">
  <reporter-output>
  </reporter-output>
  <suite started-at="2023-05-14T12:05:59 IST" name="Default suite" finished-at="2023-05-14T12:06:04 IST" duration-ms="4321">
    <groups>
    </groups>
    <test started-at="2023-05-14T12:05:59 IST" name="Default test" finished-at="2023-05-14T12:06:04 IST" duration-ms="4321">
      <class name="test.Automation2">
        <test-method signature="dell()[pri:0, instance:test.Automation2@550dbc7a]" started-at="2023-05-14T12:06:00 IST" name="dell" finished-at="2023-05-14T12:06:04 IST" duration-ms="4243" status="PASS">
          <reporter-output>
          </reporter-output>
        </test-method> <!-- dell -->
      </class> <!-- test.Automation2 -->
    </test> <!-- Default test -->
  </suite> <!-- Default suite -->
</testng-results>
