<?xml version="1.0" encoding="UTF-8"?>
<testng-results ignored="0" total="1" passed="1" failed="0" skipped="0">
  <reporter-output>
  </reporter-output>
  <suite started-at="2023-05-15T15:17:24 IST" name="Default suite" finished-at="2023-05-15T15:17:25 IST" duration-ms="88">
    <groups>
    </groups>
    <test started-at="2023-05-15T15:17:24 IST" name="Default test" finished-at="2023-05-15T15:17:25 IST" duration-ms="88">
      <class name="test.Automation3">
        <test-method signature="m3()[pri:0, instance:test.Automation3@729d991e]" started-at="2023-05-15T15:17:25 IST" name="m3" finished-at="2023-05-15T15:17:25 IST" duration-ms="15" status="PASS">
          <reporter-output>
          </reporter-output>
        </test-method> <!-- m3 -->
      </class> <!-- test.Automation3 -->
    </test> <!-- Default test -->
  </suite> <!-- Default suite -->
</testng-results>
